<?xml version="1.0" encoding="UTF-8"?>
<!-- Generated by org.testng.reporters.JUnitReportReporter -->
<testsuite hostname="GOL012019" name="com.testclasses.HomePageTesting" tests="2" failures="0" timestamp="9 Feb 2021 06:17:21 GMT" time="13.110" errors="0">
  <testcase name="generalVerificationHomePage" time="7.501" classname="com.testclasses.HomePageTesting"/>
  <testcase name="HomePageLoadTest" time="5.609" classname="com.testclasses.HomePageTesting"/>
</testsuite> <!-- com.testclasses.HomePageTesting -->
