<?xml version="1.0" encoding="UTF-8"?>
<!-- Generated by org.testng.reporters.JUnitReportReporter -->
<testsuite hostname="GOD23814" name="com.testclasses.HomePageTesting" tests="2" failures="0" timestamp="18 Jun 2021 10:20:42 GMT" time="67.443" errors="0">
  <testcase name="generalVerificationHomePage" time="30.746" classname="com.testclasses.HomePageTesting"/>
  <testcase name="HomePageLoadTest" time="36.697" classname="com.testclasses.HomePageTesting"/>
</testsuite> <!-- com.testclasses.HomePageTesting -->
